<?xml version="1.0" encoding="UTF-8"?>
<!-- Generated by org.testng.reporters.JUnitReportReporter -->
<testsuite skipped="0" hostname="DESKTOP-L56QR8G" name="com.training.sanity.tests.LogTc51" tests="1" failures="0" timestamp="2019-11-29T15:12:40 EST" time="69.611" errors="0">
  <testcase name="validLoginTest" time="69.611" classname="com.training.sanity.tests.LogTc51"/>
</testsuite> <!-- com.training.sanity.tests.LogTc51 -->
