<?xml version="1.0" encoding="UTF-8"?>
<!-- Generated by org.testng.reporters.JUnitReportReporter -->
<testsuite skipped="0" hostname="DESKTOP-L56QR8G" name="com.training.sanity.tests.LogTc68" tests="1" failures="0" timestamp="2019-12-03T15:34:01 EST" time="71.290" errors="0">
  <testcase name="validLoginTest" time="71.290" classname="com.training.sanity.tests.LogTc68"/>
</testsuite> <!-- com.training.sanity.tests.LogTc68 -->
