<?xml version="1.0" encoding="UTF-8"?>
<!-- Generated by org.testng.reporters.JUnitReportReporter -->
<testsuite skipped="0" hostname="DESKTOP-L56QR8G" name="com.training.regression.tests.RETC52" tests="1" failures="0" timestamp="2019-11-27T17:32:43 EST" time="25.269" errors="0">
  <testcase name="loginSuccess" time="25.269" classname="com.training.regression.tests.RETC52"/>
</testsuite> <!-- com.training.regression.tests.RETC52 -->
