<?xml version="1.0" encoding="UTF-8"?>
<!-- Generated by org.testng.reporters.JUnitReportReporter -->
<testsuite skipped="0" hostname="DESKTOP-L56QR8G" name="com.training.regression.tests.RETC54" tests="1" failures="0" timestamp="2019-12-02T08:58:49 EST" time="68.029" errors="0">
  <testcase name="loginSuccess" time="68.029" classname="com.training.regression.tests.RETC54"/>
</testsuite> <!-- com.training.regression.tests.RETC54 -->
