<?xml version="1.0" encoding="UTF-8"?>
<!-- Generated by org.testng.reporters.JUnitReportReporter -->
<testsuite skipped="0" hostname="DESKTOP-L56QR8G" name="com.training.regression.tests.RETC_007" tests="1" failures="0" timestamp="2019-11-29T13:22:36 EST" time="28.791" errors="0">
  <testcase name="loginSuccess" time="28.791" classname="com.training.regression.tests.RETC_007"/>
</testsuite> <!-- com.training.regression.tests.RETC_007 -->
