<?xml version="1.0" encoding="UTF-8"?>
<!-- Generated by org.testng.reporters.JUnitReportReporter -->
<testsuite skipped="0" hostname="DESKTOP-L56QR8G" name="com.training.regression.tests.LoginXLSTest" tests="2" failures="0" timestamp="2019-12-04T09:09:29 EST" time="118.228" errors="0">
  <testcase name="loginDBTest" time="59.216" classname="com.training.regression.tests.LoginXLSTest"/>
  <testcase name="loginDBTest" time="59.012" classname="com.training.regression.tests.LoginXLSTest"/>
</testsuite> <!-- com.training.regression.tests.LoginXLSTest -->
