<?xml version="1.0" encoding="UTF-8"?>
<!-- Generated by org.testng.reporters.JUnitReportReporter -->
<testsuite skipped="0" hostname="DESKTOP-L56QR8G" name="com.training.sanity.tests.LogTc9" tests="1" failures="0" timestamp="2019-11-25T12:10:07 EST" time="58.416" errors="0">
  <testcase name="validLoginTest" time="58.416" classname="com.training.sanity.tests.LogTc9"/>
</testsuite> <!-- com.training.sanity.tests.LogTc9 -->
