<?xml version="1.0" encoding="UTF-8"?>
<!-- Generated by org.testng.reporters.JUnitReportReporter -->
<testsuite skipped="0" hostname="DESKTOP-L56QR8G" name="com.training.regression.tests.RETC53" tests="1" failures="0" timestamp="2019-11-28T10:18:33 EST" time="27.235" errors="0">
  <testcase name="loginSuccess" time="27.235" classname="com.training.regression.tests.RETC53"/>
</testsuite> <!-- com.training.regression.tests.RETC53 -->
