<?xml version="1.0" encoding="UTF-8"?>
<!-- Generated by org.testng.reporters.JUnitReportReporter -->
<testsuite skipped="0" hostname="DESKTOP-L56QR8G" name="com.training.regression.tests.RETC009" tests="1" failures="0" timestamp="2019-11-25T12:16:01 EST" time="1.259" errors="0">
  <testcase name="loginSuccess" time="1.259" classname="com.training.regression.tests.RETC009"/>
</testsuite> <!-- com.training.regression.tests.RETC009 -->
