<?xml version="1.0" encoding="UTF-8"?>
<!-- Generated by org.testng.reporters.JUnitReportReporter -->
<testsuite skipped="0" hostname="DESKTOP-L56QR8G" name="com.training.sanity.tests.LogTc8" tests="1" failures="0" timestamp="2019-12-03T16:05:40 EST" time="63.147" errors="0">
  <testcase name="validLoginTest" time="63.147" classname="com.training.sanity.tests.LogTc8"/>
</testsuite> <!-- com.training.sanity.tests.LogTc8 -->
