<?xml version="1.0" encoding="UTF-8"?>
<!-- Generated by org.testng.reporters.JUnitReportReporter -->
<testsuite skipped="0" hostname="DESKTOP-L56QR8G" name="com.training.regression.tests.RETC51" tests="1" failures="0" timestamp="2019-11-27T16:40:35 EST" time="35.236" errors="0">
  <testcase name="loginSuccess" time="35.236" classname="com.training.regression.tests.RETC51"/>
</testsuite> <!-- com.training.regression.tests.RETC51 -->
